# JRE version: Java(TM) SE Runtime Environment (21.0.2+13) (build 21.0.2+13-LTS-58)
# Java VM: Java HotSpot(TM) 64-Bit Server VM (21.0.2+13-LTS-58, mixed mode, sharing, tiered, compressed oops, compressed class ptrs, g1 gc, windows-amd64)
GC Precious Log:
 CardTable entry size: 512
 Card Set container configuration: InlinePtr #cards 5 size 8 Array Of Cards #cards 12 size 40 Howl #buckets 4 coarsen threshold 1843 Howl Bitmap #cards 512 size 80 coarsen threshold 460 Card regions per heap region 1 cards per card region 2048
 CPUs: 16 total, 16 available
 Memory: 7599M
 Large Page Support: Disabled
 NUMA Support: Disabled
 Compressed Oops: Enabled (32-bit)
 Heap Region Size: 1M
 Heap Min Capacity: 8M
 Heap Initial Capacity: 120M
 Heap Max Capacity: 1900M
 Pre-touch: Disabled
 Parallel Workers: 13
 Concurrent Workers: 3
 Concurrent Refinement Workers: 13
 Periodic GC: Disabled
Heap:
 garbage-first heap   total 68608K, used 43684K [0x0000000089400000, 0x0000000100000000)
  region size 1024K, 21 young (21504K), 2 survivors (2048K)
 Metaspace       used 62988K, committed 63616K, reserved 1114112K
  class space    used 8572K, committed 8832K, reserved 1048576K
GC Heap History (18 events):
Event: 1.330 GC heap before
{Heap before GC invocations=0 (full 0):
 garbage-first heap   total 122880K, used 25600K [0x0000000089400000, 0x0000000100000000)
  region size 1024K, 23 young (23552K), 0 survivors (0K)
 Metaspace       used 6026K, committed 6208K, reserved 1114112K
  class space    used 681K, committed 768K, reserved 1048576K
}
Event: 1.339 GC heap after
{Heap after GC invocations=1 (full 0):
 garbage-first heap   total 122880K, used 8192K [0x0000000089400000, 0x0000000100000000)
  region size 1024K, 3 young (3072K), 3 survivors (3072K)
 Metaspace       used 6026K, committed 6208K, reserved 1114112K
  class space    used 681K, committed 768K, reserved 1048576K
}
Event: 2.126 GC heap before
{Heap before GC invocations=1 (full 0):
 garbage-first heap   total 122880K, used 36864K [0x0000000089400000, 0x0000000100000000)
  region size 1024K, 31 young (31744K), 3 survivors (3072K)
 Metaspace       used 12792K, committed 13056K, reserved 1114112K
  class space    used 1707K, committed 1856K, reserved 1048576K
}
Event: 2.133 GC heap after
{Heap after GC invocations=2 (full 0):
 garbage-first heap   total 122880K, used 10756K [0x0000000089400000, 0x0000000100000000)
  region size 1024K, 3 young (3072K), 3 survivors (3072K)
 Metaspace       used 12792K, committed 13056K, reserved 1114112K
  class space    used 1707K, committed 1856K, reserved 1048576K
}
Event: 2.710 GC heap before
{Heap before GC invocations=2 (full 0):
 garbage-first heap   total 122880K, used 47620K [0x0000000089400000, 0x0000000100000000)
  region size 1024K, 41 young (41984K), 3 survivors (3072K)
 Metaspace       used 21182K, committed 21504K, reserved 1114112K
  class space    used 2631K, committed 2816K, reserved 1048576K
}
Event: 2.718 GC heap after
{Heap after GC invocations=3 (full 0):
 garbage-first heap   total 122880K, used 14345K [0x0000000089400000, 0x0000000100000000)
  region size 1024K, 6 young (6144K), 6 survivors (6144K)
 Metaspace       used 21182K, committed 21504K, reserved 1114112K
  class space    used 2631K, committed 2816K, reserved 1048576K
}
Event: 4.494 GC heap before
{Heap before GC invocations=4 (full 0):
 garbage-first heap   total 58368K, used 57353K [0x0000000089400000, 0x0000000100000000)
  region size 1024K, 48 young (49152K), 6 survivors (6144K)
 Metaspace       used 28412K, committed 28864K, reserved 1114112K
  class space    used 3727K, committed 3904K, reserved 1048576K
}
Event: 4.511 GC heap after
{Heap after GC invocations=5 (full 0):
 garbage-first heap   total 68608K, used 18572K [0x0000000089400000, 0x0000000100000000)
  region size 1024K, 8 young (8192K), 8 survivors (8192K)
 Metaspace       used 28412K, committed 28864K, reserved 1114112K
  class space    used 3727K, committed 3904K, reserved 1048576K
}
Event: 6.004 GC heap before
{Heap before GC invocations=5 (full 0):
 garbage-first heap   total 68608K, used 51340K [0x0000000089400000, 0x0000000100000000)
  region size 1024K, 40 young (40960K), 8 survivors (8192K)
 Metaspace       used 35507K, committed 36032K, reserved 1114112K
  class space    used 4650K, committed 4928K, reserved 1048576K
}
Event: 6.010 GC heap after
{Heap after GC invocations=6 (full 0):
 garbage-first heap   total 68608K, used 20738K [0x0000000089400000, 0x0000000100000000)
  region size 1024K, 3 young (3072K), 3 survivors (3072K)
 Metaspace       used 35507K, committed 36032K, reserved 1114112K
  class space    used 4650K, committed 4928K, reserved 1048576K
}
Event: 6.027 GC heap before
{Heap before GC invocations=6 (full 0):
 garbage-first heap   total 68608K, used 20738K [0x0000000089400000, 0x0000000100000000)
  region size 1024K, 4 young (4096K), 3 survivors (3072K)
 Metaspace       used 35619K, committed 36096K, reserved 1114112K
  class space    used 4675K, committed 4928K, reserved 1048576K
}
Event: 6.029 GC heap after
{Heap after GC invocations=7 (full 0):
 garbage-first heap   total 68608K, used 20311K [0x0000000089400000, 0x0000000100000000)
  region size 1024K, 3 young (3072K), 3 survivors (3072K)
 Metaspace       used 35619K, committed 36096K, reserved 1114112K
  class space    used 4675K, committed 4928K, reserved 1048576K
}
Event: 7.881 GC heap before
{Heap before GC invocations=8 (full 0):
 garbage-first heap   total 68608K, used 57175K [0x0000000089400000, 0x0000000100000000)
  region size 1024K, 39 young (39936K), 3 survivors (3072K)
 Metaspace       used 48577K, committed 49088K, reserved 1114112K
  class space    used 6408K, committed 6656K, reserved 1048576K
}
Event: 7.887 GC heap after
{Heap after GC invocations=9 (full 0):
 garbage-first heap   total 68608K, used 23438K [0x0000000089400000, 0x0000000100000000)
  region size 1024K, 5 young (5120K), 5 survivors (5120K)
 Metaspace       used 48577K, committed 49088K, reserved 1114112K
  class space    used 6408K, committed 6656K, reserved 1048576K
}
Event: 8.958 GC heap before
{Heap before GC invocations=9 (full 0):
 garbage-first heap   total 68608K, used 58254K [0x0000000089400000, 0x0000000100000000)
  region size 1024K, 39 young (39936K), 5 survivors (5120K)
 Metaspace       used 57986K, committed 58560K, reserved 1114112K
  class space    used 7799K, committed 8064K, reserved 1048576K
}
Event: 8.965 GC heap after
{Heap after GC invocations=10 (full 0):
 garbage-first heap   total 68608K, used 25281K [0x0000000089400000, 0x0000000100000000)
  region size 1024K, 2 young (2048K), 2 survivors (2048K)
 Metaspace       used 57986K, committed 58560K, reserved 1114112K
  class space    used 7799K, committed 8064K, reserved 1048576K
}
Event: 9.178 GC heap before
{Heap before GC invocations=10 (full 0):
 garbage-first heap   total 68608K, used 30401K [0x0000000089400000, 0x0000000100000000)
  region size 1024K, 8 young (8192K), 2 survivors (2048K)
 Metaspace       used 59765K, committed 60288K, reserved 1114112K
  class space    used 8059K, committed 8320K, reserved 1048576K
}
Event: 9.180 GC heap after
{Heap after GC invocations=11 (full 0):
 garbage-first heap   total 68608K, used 25252K [0x0000000089400000, 0x0000000100000000)
  region size 1024K, 2 young (2048K), 2 survivors (2048K)
 Metaspace       used 59765K, committed 60288K, reserved 1114112K
  class space    used 8059K, committed 8320K, reserved 1048576K
}

